#
# A fatal error has been detected by the Java Runtime Environment:
#
#  EXCEPTION_ACCESS_VIOLATION (0xc0000005) at pc=0x00007ffa0c37253e, pid=13200, tid=6556
#
# JRE version: OpenJDK Runtime Environment (11.0.6+8) (build 11.0.6+8-b520.43)
# Java VM: OpenJDK 64-Bit Server VM (11.0.6+8-b520.43, mixed mode, sharing, tiered, compressed oops, g1 gc, windows-amd64)
# Problematic frame:
# C  [ig9icd64.dll+0x48253e]
#
# No core dump will be written. Minidumps are not enabled by default on client versions of Windows
#
# If you would like to submit a bug report, please visit:
#   http://bugreport.java.com/bugreport/crash.jsp
# The crash happened outside the Java Virtual Machine in native code.
# See problematic frame for where to report the bug.
#

---------------  S U M M A R Y ------------

Command Line: -Dfile.encoding=windows-1251 -Duser.country=RU -Duser.language=ru -Duser.variant Runner

Host: Intel(R) Core(TM) i5-6200U CPU @ 2.30GHz, 4 cores, 7G,  Windows 10 , 64 bit Build 18362 (10.0.18362.959)
Time: Fri Aug 21 00:28:54 2020 Iiaineae?neia noaiaa?oiia a?aiy elapsed time: 1 seconds (0d 0h 0m 1s)

---------------  T H R E A D  ---------------

Current thread (0x000001ea9d89b000):  JavaThread "main" [_thread_in_native, id=6556, stack(0x0000008618d00000,0x0000008618e00000)]

Stack: [0x0000008618d00000,0x0000008618e00000],  sp=0x0000008618dfecd0,  free space=1019k
Native frames: (J=compiled Java code, j=interpreted, Vv=VM code, C=native code)
C  [ig9icd64.dll+0x48253e]

Java frames: (J=compiled Java code, j=interpreted, Vv=VM code)
j  org.lwjgl.system.JNI.callPV(IIII[SJ)V+0
j  org.lwjgl.opengl.GL11.glDrawPixels(IIII[S)V+28
J 903% c2 Runner.drawPixel()V (198 bytes) @ 0x000001eaa946efd8 [0x000001eaa946e9a0+0x0000000000000638]
j  Runner.loop()V+35
j  Runner.run()V+19
j  Runner.main([Ljava/lang/String;)V+7
v  ~StubRoutines::call_stub

siginfo: EXCEPTION_ACCESS_VIOLATION (0xc0000005), reading address 0x000001eaba59d000


Register to memory mapping:

RIP=0x00007ffa0c37253e ig9icd64.dll
RAX=0x0 is NULL
RBX=0x000001eaba59c3b0 points into unknown readable memory: 72 e5 9a 99 00 00 00 00
RCX=0x0000000000000157 is an unknown value
RDX=0x000001eabbe641a0 points into unknown readable memory: 00 00 00 00 00 00 00 00
RSP=0x0000008618dfecd0 is pointing into the stack for thread: 0x000001ea9d89b000
RBP=0x000001eabbe641a0 points into unknown readable memory: 00 00 00 00 00 00 00 00
RSI=0x000001eaba59cffe points into unknown readable memory: 00 00
RDI=0x000001eabbe60000 points into unknown readable memory: e5 e4 e4 3e e6 e5 65 3f
R8 =0x0000008618dfecf0 is pointing into the stack for thread: 0x000001ea9d89b000
R9 =0x00007ffa0bef0000 ig9icd64.dll
R10=0x00007ffa0c9e3b20 ig9icd64.dll
R11=0x000000000000002a is an unknown value
R12=0x0000000000000003 is an unknown value
R13=0x0000000000000010 is an unknown value
R14=0x0000000000000186 is an unknown value
R15=0x0000000000000157 is an unknown value


Registers:
RAX=0x0000000000000000, RBX=0x000001eaba59c3b0, RCX=0x0000000000000157, RDX=0x000001eabbe641a0
RSP=0x0000008618dfecd0, RBP=0x000001eabbe641a0, RSI=0x000001eaba59cffe, RDI=0x000001eabbe60000
R8 =0x0000008618dfecf0, R9 =0x00007ffa0bef0000, R10=0x00007ffa0c9e3b20, R11=0x000000000000002a
R12=0x0000000000000003, R13=0x0000000000000010, R14=0x0000000000000186, R15=0x0000000000000157
RIP=0x00007ffa0c37253e, EFLAGS=0x0000000000010202

Top of Stack: (sp=0x0000008618dfecd0)
0x0000008618dfecd0:   00000000001a0058 000001eaba59c3b0
0x0000008618dfece0:   000001eabbe60000 0000000000000000
0x0000008618dfecf0:   0000000000000000 3f80000000000000
0x0000008618dfed00:   0000000000000000 0000000000000000
0x0000008618dfed10:   0000000000000000 0000000000000000
0x0000008618dfed20:   0000000000000001 000001eabb34d000
0x0000008618dfed30:   0000000000000000 0000008618dfef98
0x0000008618dfed40:   0000000000000000 0000008618dfedb0
0x0000008618dfed50:   0000000000000157 00007ffa0c395444
0x0000008618dfed60:   0000000000000157 000000000000018b
0x0000008618dfed70:   0000000000000001 0000008618dfee39
0x0000008618dfed80:   000001ea000005a0 00007ffa00000384
0x0000008618dfed90:   000001ea00000010 0000000000000003
0x0000008618dfeda0:   0000000000005a00 00000000000010e0
0x0000008618dfedb0:   0000008618dfee20 00007ffa0c39be22
0x0000008618dfedc0:   0000000000000001 0000000000000001 

Instructions: (pc=0x00007ffa0c37253e)
0x00007ffa0c37243e:   0f af 84 24 c0 00 00 00 48 63 e8 0f 1f 80 00 00
0x00007ffa0c37244e:   00 00 4c 8b cd 4c 8b c3 48 8b d5 48 8b cf e8 87
0x00007ffa0c37245e:   28 12 00 49 03 de 49 03 ff ff ce 79 e5 48 83 c4
0x00007ffa0c37246e:   58 41 5f 41 5e 5f 5e 5d 5b c3 44 8b bc 24 b8 00
0x00007ffa0c37247e:   00 00 0f 28 05 a9 d5 48 00 41 ff cf 44 89 bc 24
0x00007ffa0c37248e:   98 00 00 00 0f 11 44 24 20 0f 88 30 01 00 00 8b
0x00007ffa0c37249e:   84 24 b0 00 00 00 48 63 8c 24 d8 00 00 00 48 63
0x00007ffa0c3724ae:   94 24 d0 00 00 00 4c 89 a4 24 a0 00 00 00 4c 89
0x00007ffa0c3724be:   6c 24 50 41 b8 00 01 00 00 0f 29 74 24 40 0f 29
0x00007ffa0c3724ce:   7c 24 30 f3 0f 10 3d fb af 48 00 0f 1f 80 00 00
0x00007ffa0c3724de:   00 00 48 8b f3 48 8b ef 85 c0 0f 8e b1 00 00 00
0x00007ffa0c3724ee:   4c 63 a4 24 c8 00 00 00 4c 63 ac 24 c0 00 00 00
0x00007ffa0c3724fe:   44 0f b7 bc 24 90 00 00 00 0f 57 f6 f3 49 0f 2a
0x00007ffa0c37250e:   f0 44 8b f0 f3 0f 5c f7 66 66 0f 1f 84 00 00 00
0x00007ffa0c37251e:   00 00 0f b6 06 4c 8d 44 24 20 48 8b d5 41 0f b7
0x00007ffa0c37252e:   cf 66 0f 6e c0 0f b6 46 01 0f 5b c0 66 0f 6e c8
0x00007ffa0c37253e:   0f b6 46 02 f3 0f 5e c6 0f 5b c9 f3 0f 5e ce f3
0x00007ffa0c37254e:   0f 11 44 24 20 66 0f 6e c0 0f 5b c0 f3 0f 5e c6
0x00007ffa0c37255e:   f3 0f 11 4c 24 24 f3 0f 11 44 24 28 e8 51 57 ff
0x00007ffa0c37256e:   ff 49 03 f4 49 03 ed 49 ff ce 75 a6 44 8b bc 24
0x00007ffa0c37257e:   98 00 00 00 8b 84 24 b0 00 00 00 48 63 8c 24 d8
0x00007ffa0c37258e:   00 00 00 48 63 94 24 d0 00 00 00 41 b8 00 01 00
0x00007ffa0c37259e:   00 48 03 d9 48 03 fa 41 ff cf 44 89 bc 24 98 00
0x00007ffa0c3725ae:   00 00 0f 89 2a ff ff ff 0f 28 7c 24 30 0f 28 74
0x00007ffa0c3725be:   24 40 4c 8b 6c 24 50 4c 8b a4 24 a0 00 00 00 48
0x00007ffa0c3725ce:   83 c4 58 41 5f 41 5e 5f 5e 5d 5b c3 cc cc cc cc
0x00007ffa0c3725de:   cc cc 66 89 4c 24 08 53 55 56 57 41 56 41 57 48
0x00007ffa0c3725ee:   83 ec 78 0f b7 c2 ba ff 0f 00 00 49 8b d9 49 8b
0x00007ffa0c3725fe:   f8 66 3b c2 74 74 66 3b ca 74 6f 0f b7 d1 0f b7
0x00007ffa0c37260e:   c8 e8 8c 53 c0 ff 84 c0 74 60 8b b4 24 d8 00 00
0x00007ffa0c37261e:   00 ff ce 0f 88 22 02 00 00 8b 84 24 d0 00 00 00
0x00007ffa0c37262e:   4c 63 b4 24 f8 00 00 00 4c 63 bc 24 f0 00 00 00 


Stack slot to memory mapping:
stack at sp + 0 slots: 0x00000000001a0058 is an unknown value
stack at sp + 1 slots: 0x000001eaba59c3b0 points into unknown readable memory: 72 e5 9a 99 00 00 00 00
stack at sp + 2 slots: 0x000001eabbe60000 points into unknown readable memory: e5 e4 e4 3e e6 e5 65 3f
stack at sp + 3 slots: 0x0 is NULL
stack at sp + 4 slots: 0x0 is NULL
stack at sp + 5 slots: 0x3f80000000000000 is an unknown value
stack at sp + 6 slots: 0x0 is NULL
stack at sp + 7 slots: 0x0 is NULL


---------------  P R O C E S S  ---------------

Threads class SMR info:
_java_thread_list=0x000001eaba6e0b20, length=11, elements={
0x000001ea9d89b000, 0x000001eab78ea000, 0x000001eab78ec000, 0x000001eab7909800,
0x000001eab790b000, 0x000001eab790e000, 0x000001eab7914800, 0x000001eab791d800,
0x000001eab8363800, 0x000001eab8369000, 0x000001eaba65e000
}

Java Threads: ( => current thread )
=>0x000001ea9d89b000 JavaThread "main" [_thread_in_native, id=6556, stack(0x0000008618d00000,0x0000008618e00000)]
  0x000001eab78ea000 JavaThread "Reference Handler" daemon [_thread_blocked, id=8408, stack(0x0000008619400000,0x0000008619500000)]
  0x000001eab78ec000 JavaThread "Finalizer" daemon [_thread_blocked, id=7768, stack(0x0000008619500000,0x0000008619600000)]
  0x000001eab7909800 JavaThread "Signal Dispatcher" daemon [_thread_blocked, id=3916, stack(0x0000008619600000,0x0000008619700000)]
  0x000001eab790b000 JavaThread "Attach Listener" daemon [_thread_blocked, id=10344, stack(0x0000008619700000,0x0000008619800000)]
  0x000001eab790e000 JavaThread "C2 CompilerThread0" daemon [_thread_blocked, id=1256, stack(0x0000008619800000,0x0000008619900000)]
  0x000001eab7914800 JavaThread "C1 CompilerThread0" daemon [_thread_blocked, id=5988, stack(0x0000008619900000,0x0000008619a00000)]
  0x000001eab791d800 JavaThread "Sweeper thread" daemon [_thread_blocked, id=1312, stack(0x0000008619a00000,0x0000008619b00000)]
  0x000001eab8363800 JavaThread "Service Thread" daemon [_thread_blocked, id=6456, stack(0x0000008619b00000,0x0000008619c00000)]
  0x000001eab8369000 JavaThread "Common-Cleaner" daemon [_thread_blocked, id=10828, stack(0x0000008619d00000,0x0000008619e00000)]
  0x000001eaba65e000 JavaThread "C2 CompilerThread1" daemon [_thread_blocked, id=9660, stack(0x000000861a000000,0x000000861a100000)]

Other Threads:
  0x000001eab78e6800 VMThread "VM Thread" [stack: 0x0000008619300000,0x0000008619400000] [id=8892]
  0x000001eab8364000 WatcherThread [stack: 0x0000008619c00000,0x0000008619d00000] [id=13428]
  0x000001ea9d8b5000 GCTaskThread "GC Thread#0" [stack: 0x0000008618e00000,0x0000008618f00000] [id=6160]
  0x000001eab895d000 GCTaskThread "GC Thread#1" [stack: 0x0000008619e00000,0x0000008619f00000] [id=11412]
  0x000001eab89c2800 GCTaskThread "GC Thread#2" [stack: 0x0000008619f00000,0x000000861a000000] [id=12756]
  0x000001ea9d8e4000 ConcurrentGCThread "G1 Main Marker" [stack: 0x0000008618f00000,0x0000008619000000] [id=1652]
  0x000001ea9d8e7800 ConcurrentGCThread "G1 Conc#0" [stack: 0x0000008619000000,0x0000008619100000] [id=7428]
  0x000001eab7781800 ConcurrentGCThread "G1 Refine#0" [stack: 0x0000008619100000,0x0000008619200000] [id=4788]
  0x000001ea9d95c000 ConcurrentGCThread "G1 Young RemSet Sampling" [stack: 0x0000008619200000,0x0000008619300000] [id=4220]

Threads with active compile tasks:

VM state:not at safepoint (normal execution)

VM Mutex/Monitor currently owned by a thread: None

Heap address: 0x0000000082000000, size: 2016 MB, Compressed Oops mode: 32-bit
Narrow klass base: 0x0000000800000000, Narrow klass shift: 3
Compressed class space size: 1073741824 Address: 0x0000000840000000

Heap:
 garbage-first heap   total 129024K, used 61440K [0x0000000082000000, 0x0000000100000000)
  region size 1024K, 61 young (62464K), 2 survivors (2048K)
 Metaspace       used 4956K, capacity 7981K, committed 8320K, reserved 1056768K
  class space    used 262K, capacity 579K, committed 640K, reserved 1048576K
Heap Regions: E=young(eden), S=young(survivor), O=old, HS=humongous(starts), HC=humongous(continues), CS=collection set, F=free, A=archive, TAMS=top-at-mark-start (previous, next)
|   0|0x0000000082000000, 0x0000000082000000, 0x0000000082100000|  0%| F|  |TAMS 0x0000000082000000, 0x0000000082000000| Untracked 
|   1|0x0000000082100000, 0x0000000082100000, 0x0000000082200000|  0%| F|  |TAMS 0x0000000082100000, 0x0000000082100000| Untracked 
|   2|0x0000000082200000, 0x0000000082200000, 0x0000000082300000|  0%| F|  |TAMS 0x0000000082200000, 0x0000000082200000| Untracked 
|   3|0x0000000082300000, 0x0000000082300000, 0x0000000082400000|  0%| F|  |TAMS 0x0000000082300000, 0x0000000082300000| Untracked 
|   4|0x0000000082400000, 0x0000000082400000, 0x0000000082500000|  0%| F|  |TAMS 0x0000000082400000, 0x0000000082400000| Untracked 
|   5|0x0000000082500000, 0x0000000082500000, 0x0000000082600000|  0%| F|  |TAMS 0x0000000082500000, 0x0000000082500000| Untracked 
|   6|0x0000000082600000, 0x0000000082600000, 0x0000000082700000|  0%| F|  |TAMS 0x0000000082600000, 0x0000000082600000| Untracked 
|   7|0x0000000082700000, 0x0000000082700000, 0x0000000082800000|  0%| F|  |TAMS 0x0000000082700000, 0x0000000082700000| Untracked 
|   8|0x0000000082800000, 0x0000000082800000, 0x0000000082900000|  0%| F|  |TAMS 0x0000000082800000, 0x0000000082800000| Untracked 
|   9|0x0000000082900000, 0x0000000082900000, 0x0000000082a00000|  0%| F|  |TAMS 0x0000000082900000, 0x0000000082900000| Untracked 
|  10|0x0000000082a00000, 0x0000000082a00000, 0x0000000082b00000|  0%| F|  |TAMS 0x0000000082a00000, 0x0000000082a00000| Untracked 
|  11|0x0000000082b00000, 0x0000000082b00000, 0x0000000082c00000|  0%| F|  |TAMS 0x0000000082b00000, 0x0000000082b00000| Untracked 
|  12|0x0000000082c00000, 0x0000000082c00000, 0x0000000082d00000|  0%| F|  |TAMS 0x0000000082c00000, 0x0000000082c00000| Untracked 
|  13|0x0000000082d00000, 0x0000000082d00000, 0x0000000082e00000|  0%| F|  |TAMS 0x0000000082d00000, 0x0000000082d00000| Untracked 
|  14|0x0000000082e00000, 0x0000000082e00000, 0x0000000082f00000|  0%| F|  |TAMS 0x0000000082e00000, 0x0000000082e00000| Untracked 
|  15|0x0000000082f00000, 0x0000000082f00000, 0x0000000083000000|  0%| F|  |TAMS 0x0000000082f00000, 0x0000000082f00000| Untracked 
|  16|0x0000000083000000, 0x0000000083000000, 0x0000000083100000|  0%| F|  |TAMS 0x0000000083000000, 0x0000000083000000| Untracked 
|  17|0x0000000083100000, 0x0000000083100000, 0x0000000083200000|  0%| F|  |TAMS 0x0000000083100000, 0x0000000083100000| Untracked 
|  18|0x0000000083200000, 0x0000000083200000, 0x0000000083300000|  0%| F|  |TAMS 0x0000000083200000, 0x0000000083200000| Untracked 
|  19|0x0000000083300000, 0x0000000083300000, 0x0000000083400000|  0%| F|  |TAMS 0x0000000083300000, 0x0000000083300000| Untracked 
|  20|0x0000000083400000, 0x0000000083400000, 0x0000000083500000|  0%| F|  |TAMS 0x0000000083400000, 0x0000000083400000| Untracked 
|  21|0x0000000083500000, 0x0000000083500000, 0x0000000083600000|  0%| F|  |TAMS 0x0000000083500000, 0x0000000083500000| Untracked 
|  22|0x0000000083600000, 0x0000000083600000, 0x0000000083700000|  0%| F|  |TAMS 0x0000000083600000, 0x0000000083600000| Untracked 
|  23|0x0000000083700000, 0x0000000083700000, 0x0000000083800000|  0%| F|  |TAMS 0x0000000083700000, 0x0000000083700000| Untracked 
|  24|0x0000000083800000, 0x0000000083800000, 0x0000000083900000|  0%| F|  |TAMS 0x0000000083800000, 0x0000000083800000| Untracked 
|  25|0x0000000083900000, 0x0000000083900000, 0x0000000083a00000|  0%| F|  |TAMS 0x0000000083900000, 0x0000000083900000| Untracked 
|  26|0x0000000083a00000, 0x0000000083a00000, 0x0000000083b00000|  0%| F|  |TAMS 0x0000000083a00000, 0x0000000083a00000| Untracked 
|  27|0x0000000083b00000, 0x0000000083b00000, 0x0000000083c00000|  0%| F|  |TAMS 0x0000000083b00000, 0x0000000083b00000| Untracked 
|  28|0x0000000083c00000, 0x0000000083c00000, 0x0000000083d00000|  0%| F|  |TAMS 0x0000000083c00000, 0x0000000083c00000| Untracked 
|  29|0x0000000083d00000, 0x0000000083d00000, 0x0000000083e00000|  0%| F|  |TAMS 0x0000000083d00000, 0x0000000083d00000| Untracked 
|  30|0x0000000083e00000, 0x0000000083e00000, 0x0000000083f00000|  0%| F|  |TAMS 0x0000000083e00000, 0x0000000083e00000| Untracked 
|  31|0x0000000083f00000, 0x0000000083f00000, 0x0000000084000000|  0%| F|  |TAMS 0x0000000083f00000, 0x0000000083f00000| Untracked 
|  32|0x0000000084000000, 0x0000000084000000, 0x0000000084100000|  0%| F|  |TAMS 0x0000000084000000, 0x0000000084000000| Untracked 
|  33|0x0000000084100000, 0x0000000084100000, 0x0000000084200000|  0%| F|  |TAMS 0x0000000084100000, 0x0000000084100000| Untracked 
|  34|0x0000000084200000, 0x0000000084200000, 0x0000000084300000|  0%| F|  |TAMS 0x0000000084200000, 0x0000000084200000| Untracked 
|  35|0x0000000084300000, 0x0000000084300000, 0x0000000084400000|  0%| F|  |TAMS 0x0000000084300000, 0x0000000084300000| Untracked 
|  36|0x0000000084400000, 0x0000000084400000, 0x0000000084500000|  0%| F|  |TAMS 0x0000000084400000, 0x0000000084400000| Untracked 
|  37|0x0000000084500000, 0x0000000084500000, 0x0000000084600000|  0%| F|  |TAMS 0x0000000084500000, 0x0000000084500000| Untracked 
|  38|0x0000000084600000, 0x0000000084600000, 0x0000000084700000|  0%| F|  |TAMS 0x0000000084600000, 0x0000000084600000| Untracked 
|  39|0x0000000084700000, 0x0000000084700000, 0x0000000084800000|  0%| F|  |TAMS 0x0000000084700000, 0x0000000084700000| Untracked 
|  40|0x0000000084800000, 0x0000000084800000, 0x0000000084900000|  0%| F|  |TAMS 0x0000000084800000, 0x0000000084800000| Untracked 
|  41|0x0000000084900000, 0x0000000084900000, 0x0000000084a00000|  0%| F|  |TAMS 0x0000000084900000, 0x0000000084900000| Untracked 
|  42|0x0000000084a00000, 0x0000000084a00000, 0x0000000084b00000|  0%| F|  |TAMS 0x0000000084a00000, 0x0000000084a00000| Untracked 
|  43|0x0000000084b00000, 0x0000000084b00000, 0x0000000084c00000|  0%| F|  |TAMS 0x0000000084b00000, 0x0000000084b00000| Untracked 
|  44|0x0000000084c00000, 0x0000000084c00000, 0x0000000084d00000|  0%| F|  |TAMS 0x0000000084c00000, 0x0000000084c00000| Untracked 
|  45|0x0000000084d00000, 0x0000000084d00000, 0x0000000084e00000|  0%| F|  |TAMS 0x0000000084d00000, 0x0000000084d00000| Untracked 
|  46|0x0000000084e00000, 0x0000000084e00000, 0x0000000084f00000|  0%| F|  |TAMS 0x0000000084e00000, 0x0000000084e00000| Untracked 
|  47|0x0000000084f00000, 0x0000000084f00000, 0x0000000085000000|  0%| F|  |TAMS 0x0000000084f00000, 0x0000000084f00000| Untracked 
|  48|0x0000000085000000, 0x0000000085000000, 0x0000000085100000|  0%| F|  |TAMS 0x0000000085000000, 0x0000000085000000| Untracked 
|  49|0x0000000085100000, 0x0000000085100000, 0x0000000085200000|  0%| F|  |TAMS 0x0000000085100000, 0x0000000085100000| Untracked 
|  50|0x0000000085200000, 0x0000000085200000, 0x0000000085300000|  0%| F|  |TAMS 0x0000000085200000, 0x0000000085200000| Untracked 
|  51|0x0000000085300000, 0x0000000085300000, 0x0000000085400000|  0%| F|  |TAMS 0x0000000085300000, 0x0000000085300000| Untracked 
|  52|0x0000000085400000, 0x0000000085400000, 0x0000000085500000|  0%| F|  |TAMS 0x0000000085400000, 0x0000000085400000| Untracked 
|  53|0x0000000085500000, 0x0000000085500000, 0x0000000085600000|  0%| F|  |TAMS 0x0000000085500000, 0x0000000085500000| Untracked 
|  54|0x0000000085600000, 0x0000000085600000, 0x0000000085700000|  0%| F|  |TAMS 0x0000000085600000, 0x0000000085600000| Untracked 
|  55|0x0000000085700000, 0x0000000085700000, 0x0000000085800000|  0%| F|  |TAMS 0x0000000085700000, 0x0000000085700000| Untracked 
|  56|0x0000000085800000, 0x0000000085800000, 0x0000000085900000|  0%| F|  |TAMS 0x0000000085800000, 0x0000000085800000| Untracked 
|  57|0x0000000085900000, 0x0000000085900000, 0x0000000085a00000|  0%| F|  |TAMS 0x0000000085900000, 0x0000000085900000| Untracked 
|  58|0x0000000085a00000, 0x0000000085a00000, 0x0000000085b00000|  0%| F|  |TAMS 0x0000000085a00000, 0x0000000085a00000| Untracked 
|  59|0x0000000085b00000, 0x0000000085b00000, 0x0000000085c00000|  0%| F|  |TAMS 0x0000000085b00000, 0x0000000085b00000| Untracked 
|  60|0x0000000085c00000, 0x0000000085c00000, 0x0000000085d00000|  0%| F|  |TAMS 0x0000000085c00000, 0x0000000085c00000| Untracked 
|  61|0x0000000085d00000, 0x0000000085d00000, 0x0000000085e00000|  0%| F|  |TAMS 0x0000000085d00000, 0x0000000085d00000| Untracked 
|  62|0x0000000085e00000, 0x0000000085e00000, 0x0000000085f00000|  0%| F|  |TAMS 0x0000000085e00000, 0x0000000085e00000| Untracked 
|  63|0x0000000085f00000, 0x0000000085f00000, 0x0000000086000000|  0%| F|  |TAMS 0x0000000085f00000, 0x0000000085f00000| Untracked 
|  64|0x0000000086000000, 0x0000000086000000, 0x0000000086100000|  0%| F|  |TAMS 0x0000000086000000, 0x0000000086000000| Untracked 
|  65|0x0000000086100000, 0x0000000086200000, 0x0000000086200000|100%| E|  |TAMS 0x0000000086100000, 0x0000000086100000| Complete 
|  66|0x0000000086200000, 0x0000000086300000, 0x0000000086300000|100%| E|CS|TAMS 0x0000000086200000, 0x0000000086200000| Complete 
|  67|0x0000000086300000, 0x0000000086400000, 0x0000000086400000|100%| E|CS|TAMS 0x0000000086300000, 0x0000000086300000| Complete 
|  68|0x0000000086400000, 0x0000000086500000, 0x0000000086500000|100%| E|CS|TAMS 0x0000000086400000, 0x0000000086400000| Complete 
|  69|0x0000000086500000, 0x0000000086600000, 0x0000000086600000|100%| E|CS|TAMS 0x0000000086500000, 0x0000000086500000| Complete 
|  70|0x0000000086600000, 0x0000000086700000, 0x0000000086700000|100%| E|CS|TAMS 0x0000000086600000, 0x0000000086600000| Complete 
|  71|0x0000000086700000, 0x0000000086800000, 0x0000000086800000|100%| E|CS|TAMS 0x0000000086700000, 0x0000000086700000| Complete 
|  72|0x0000000086800000, 0x0000000086900000, 0x0000000086900000|100%| E|CS|TAMS 0x0000000086800000, 0x0000000086800000| Complete 
|  73|0x0000000086900000, 0x0000000086a00000, 0x0000000086a00000|100%| E|CS|TAMS 0x0000000086900000, 0x0000000086900000| Complete 
|  74|0x0000000086a00000, 0x0000000086b00000, 0x0000000086b00000|100%| E|CS|TAMS 0x0000000086a00000, 0x0000000086a00000| Complete 
|  75|0x0000000086b00000, 0x0000000086c00000, 0x0000000086c00000|100%| E|CS|TAMS 0x0000000086b00000, 0x0000000086b00000| Complete 
|  76|0x0000000086c00000, 0x0000000086d00000, 0x0000000086d00000|100%| E|CS|TAMS 0x0000000086c00000, 0x0000000086c00000| Complete 
|  77|0x0000000086d00000, 0x0000000086e00000, 0x0000000086e00000|100%| E|CS|TAMS 0x0000000086d00000, 0x0000000086d00000| Complete 
|  78|0x0000000086e00000, 0x0000000086f00000, 0x0000000086f00000|100%| E|CS|TAMS 0x0000000086e00000, 0x0000000086e00000| Complete 
|  79|0x0000000086f00000, 0x0000000087000000, 0x0000000087000000|100%| E|CS|TAMS 0x0000000086f00000, 0x0000000086f00000| Complete 
|  80|0x0000000087000000, 0x0000000087100000, 0x0000000087100000|100%| E|CS|TAMS 0x0000000087000000, 0x0000000087000000| Complete 
|  81|0x0000000087100000, 0x0000000087200000, 0x0000000087200000|100%| E|CS|TAMS 0x0000000087100000, 0x0000000087100000| Complete 
|  82|0x0000000087200000, 0x0000000087300000, 0x0000000087300000|100%| E|CS|TAMS 0x0000000087200000, 0x0000000087200000| Complete 
|  83|0x0000000087300000, 0x0000000087400000, 0x0000000087400000|100%| E|CS|TAMS 0x0000000087300000, 0x0000000087300000| Complete 
|  84|0x0000000087400000, 0x0000000087500000, 0x0000000087500000|100%| E|CS|TAMS 0x0000000087400000, 0x0000000087400000| Complete 
|  85|0x0000000087500000, 0x0000000087600000, 0x0000000087600000|100%| E|CS|TAMS 0x0000000087500000, 0x0000000087500000| Complete 
|  86|0x0000000087600000, 0x0000000087700000, 0x0000000087700000|100%| E|CS|TAMS 0x0000000087600000, 0x0000000087600000| Complete 
|  87|0x0000000087700000, 0x0000000087800000, 0x0000000087800000|100%| E|CS|TAMS 0x0000000087700000, 0x0000000087700000| Complete 
|  88|0x0000000087800000, 0x0000000087900000, 0x0000000087900000|100%| E|CS|TAMS 0x0000000087800000, 0x0000000087800000| Complete 
|  89|0x0000000087900000, 0x0000000087a00000, 0x0000000087a00000|100%| E|CS|TAMS 0x0000000087900000, 0x0000000087900000| Complete 
|  90|0x0000000087a00000, 0x0000000087b00000, 0x0000000087b00000|100%| E|CS|TAMS 0x0000000087a00000, 0x0000000087a00000| Complete 
|  91|0x0000000087b00000, 0x0000000087c00000, 0x0000000087c00000|100%| E|CS|TAMS 0x0000000087b00000, 0x0000000087b00000| Complete 
|  92|0x0000000087c00000, 0x0000000087d00000, 0x0000000087d00000|100%| E|CS|TAMS 0x0000000087c00000, 0x0000000087c00000| Complete 
|  93|0x0000000087d00000, 0x0000000087e00000, 0x0000000087e00000|100%| E|CS|TAMS 0x0000000087d00000, 0x0000000087d00000| Complete 
|  94|0x0000000087e00000, 0x0000000087f00000, 0x0000000087f00000|100%| E|CS|TAMS 0x0000000087e00000, 0x0000000087e00000| Complete 
|  95|0x0000000087f00000, 0x0000000088000000, 0x0000000088000000|100%| E|CS|TAMS 0x0000000087f00000, 0x0000000087f00000| Complete 
|  96|0x0000000088000000, 0x0000000088100000, 0x0000000088100000|100%| E|CS|TAMS 0x0000000088000000, 0x0000000088000000| Complete 
|  97|0x0000000088100000, 0x0000000088200000, 0x0000000088200000|100%| E|CS|TAMS 0x0000000088100000, 0x0000000088100000| Complete 
|  98|0x0000000088200000, 0x0000000088300000, 0x0000000088300000|100%| E|CS|TAMS 0x0000000088200000, 0x0000000088200000| Complete 
|  99|0x0000000088300000, 0x0000000088400000, 0x0000000088400000|100%| E|CS|TAMS 0x0000000088300000, 0x0000000088300000| Complete 
| 100|0x0000000088400000, 0x0000000088500000, 0x0000000088500000|100%| E|CS|TAMS 0x0000000088400000, 0x0000000088400000| Complete 
| 101|0x0000000088500000, 0x0000000088600000, 0x0000000088600000|100%| E|CS|TAMS 0x0000000088500000, 0x0000000088500000| Complete 
| 102|0x0000000088600000, 0x0000000088700000, 0x0000000088700000|100%| E|CS|TAMS 0x0000000088600000, 0x0000000088600000| Complete 
| 103|0x0000000088700000, 0x0000000088800000, 0x0000000088800000|100%| E|CS|TAMS 0x0000000088700000, 0x0000000088700000| Complete 
| 104|0x0000000088800000, 0x0000000088900000, 0x0000000088900000|100%| E|CS|TAMS 0x0000000088800000, 0x0000000088800000| Complete 
| 105|0x0000000088900000, 0x0000000088a00000, 0x0000000088a00000|100%| E|CS|TAMS 0x0000000088900000, 0x0000000088900000| Complete 
| 106|0x0000000088a00000, 0x0000000088b00000, 0x0000000088b00000|100%| E|CS|TAMS 0x0000000088a00000, 0x0000000088a00000| Complete 
| 107|0x0000000088b00000, 0x0000000088c00000, 0x0000000088c00000|100%| E|CS|TAMS 0x0000000088b00000, 0x0000000088b00000| Complete 
| 108|0x0000000088c00000, 0x0000000088d00000, 0x0000000088d00000|100%| E|CS|TAMS 0x0000000088c00000, 0x0000000088c00000| Complete 
| 109|0x0000000088d00000, 0x0000000088e00000, 0x0000000088e00000|100%| E|CS|TAMS 0x0000000088d00000, 0x0000000088d00000| Complete 
| 110|0x0000000088e00000, 0x0000000088f00000, 0x0000000088f00000|100%| S|CS|TAMS 0x0000000088e00000, 0x0000000088e00000| Complete 
| 111|0x0000000088f00000, 0x0000000089000000, 0x0000000089000000|100%| S|CS|TAMS 0x0000000088f00000, 0x0000000088f00000| Complete 
| 112|0x0000000089000000, 0x0000000089100000, 0x0000000089100000|100%| E|CS|TAMS 0x0000000089000000, 0x0000000089000000| Complete 
| 113|0x0000000089100000, 0x0000000089200000, 0x0000000089200000|100%| E|CS|TAMS 0x0000000089100000, 0x0000000089100000| Complete 
| 114|0x0000000089200000, 0x0000000089300000, 0x0000000089300000|100%| E|CS|TAMS 0x0000000089200000, 0x0000000089200000| Complete 
| 115|0x0000000089300000, 0x0000000089400000, 0x0000000089400000|100%| E|CS|TAMS 0x0000000089300000, 0x0000000089300000| Complete 
| 116|0x0000000089400000, 0x0000000089500000, 0x0000000089500000|100%| E|CS|TAMS 0x0000000089400000, 0x0000000089400000| Complete 
| 117|0x0000000089500000, 0x0000000089600000, 0x0000000089600000|100%| E|CS|TAMS 0x0000000089500000, 0x0000000089500000| Complete 
| 118|0x0000000089600000, 0x0000000089700000, 0x0000000089700000|100%| E|CS|TAMS 0x0000000089600000, 0x0000000089600000| Complete 
| 119|0x0000000089700000, 0x0000000089800000, 0x0000000089800000|100%| E|CS|TAMS 0x0000000089700000, 0x0000000089700000| Complete 
| 120|0x0000000089800000, 0x0000000089900000, 0x0000000089900000|100%| E|CS|TAMS 0x0000000089800000, 0x0000000089800000| Complete 
| 121|0x0000000089900000, 0x0000000089a00000, 0x0000000089a00000|100%| E|CS|TAMS 0x0000000089900000, 0x0000000089900000| Complete 
| 122|0x0000000089a00000, 0x0000000089b00000, 0x0000000089b00000|100%| E|CS|TAMS 0x0000000089a00000, 0x0000000089a00000| Complete 
| 123|0x0000000089b00000, 0x0000000089c00000, 0x0000000089c00000|100%| E|CS|TAMS 0x0000000089b00000, 0x0000000089b00000| Complete 
| 124|0x0000000089c00000, 0x0000000089d00000, 0x0000000089d00000|100%| E|CS|TAMS 0x0000000089c00000, 0x0000000089c00000| Complete 
| 125|0x0000000089d00000, 0x0000000089e00000, 0x0000000089e00000|100%| E|CS|TAMS 0x0000000089d00000, 0x0000000089d00000| Complete 

Card table byte_map: [0x000001eab0d50000,0x000001eab1140000] _byte_map_base: 0x000001eab0940000

Marking Bits (Prev, Next): (CMBitMap*) 0x000001ea9d8db218, (CMBitMap*) 0x000001ea9d8db250
 Prev Bits: [0x000001eab1530000, 0x000001eab34b0000)
 Next Bits: [0x000001eab34b0000, 0x000001eab5430000)

Polling page: 0x000001ea9ba30000

Metaspace:

Usage:
  Non-class:      7.23 MB capacity,     4.58 MB ( 63%) used,     2.64 MB ( 36%) free+waste,     9.44 KB ( <1%) overhead. 
      Class:    579.00 KB capacity,   262.71 KB ( 45%) used,   312.10 KB ( 54%) free+waste,     4.19 KB ( <1%) overhead. 
       Both:      7.79 MB capacity,     4.84 MB ( 62%) used,     2.94 MB ( 38%) free+waste,    13.63 KB ( <1%) overhead. 

Virtual space:
  Non-class space:        8.00 MB reserved,       7.50 MB ( 94%) committed 
      Class space:        1.00 GB reserved,     640.00 KB ( <1%) committed 
             Both:        1.01 GB reserved,       8.13 MB ( <1%) committed 

Chunk freelists:
   Non-Class:  86.00 KB
       Class:  29.00 KB
        Both:  115.00 KB

MaxMetaspaceSize: 17179869184.00 GB
CompressedClassSpaceSize: 1.00 GB

CodeHeap 'non-profiled nmethods': size=120064Kb used=348Kb max_used=348Kb free=119715Kb
 bounds [0x000001eaa9420000, 0x000001eaa9690000, 0x000001eab0960000]
CodeHeap 'profiled nmethods': size=120000Kb used=1736Kb max_used=1736Kb free=118263Kb
 bounds [0x000001eaa1ef0000, 0x000001eaa2160000, 0x000001eaa9420000]
CodeHeap 'non-nmethods': size=5696Kb used=1439Kb max_used=1468Kb free=4257Kb
 bounds [0x000001eaa1960000, 0x000001eaa1bd0000, 0x000001eaa1ef0000]
 total_blobs=2341 nmethods=904 adapters=836
 compilation: enabled
              stopped_count=0, restarted_count=0
 full_count=0

Compilation events (20 events):
Event: 1.263 Thread 0x000001eab7914800 nmethod 895 0x000001eaa946dd10 code [0x000001eaa946dec0, 0x000001eaa946dff8]
Event: 1.263 Thread 0x000001eab7914800  898       3       java.util.Random::next (47 bytes)
Event: 1.263 Thread 0x000001eab7914800 nmethod 898 0x000001eaa209b010 code [0x000001eaa209b1e0, 0x000001eaa209b4f8]
Event: 1.263 Thread 0x000001eab7914800  896       3       java.util.concurrent.atomic.AtomicLong::compareAndSet (13 bytes)
Event: 1.264 Thread 0x000001eab7914800 nmethod 896 0x000001eaa209b610 code [0x000001eaa209b7c0, 0x000001eaa209b958]
Event: 1.264 Thread 0x000001eab7914800  897       3       java.util.Random::nextInt (7 bytes)
Event: 1.264 Thread 0x000001eab7914800 nmethod 897 0x000001eaa209ba10 code [0x000001eaa209bbc0, 0x000001eaa209bd70]
Event: 1.265 Thread 0x000001eab790e000  899       4       java.util.Random::nextInt (7 bytes)
Event: 1.266 Thread 0x000001eab790e000 nmethod 899 0x000001eaa946e090 code [0x000001eaa946e220, 0x000001eaa946e2f8]
Event: 1.266 Thread 0x000001eab790e000  900       4       java.util.Random::next (47 bytes)
Event: 1.267 Thread 0x000001eab790e000 nmethod 900 0x000001eaa946e410 code [0x000001eaa946e5a0, 0x000001eaa946e678]
Event: 1.305 Thread 0x000001eab7914800  901 %     3       Runner::drawPixel @ 39 (198 bytes)
Event: 1.309 Thread 0x000001eab7914800 nmethod 901% 0x000001eaa209be10 code [0x000001eaa209c160, 0x000001eaa209d960]
Event: 1.311 Thread 0x000001eab7914800  902       3       Runner::drawPixel (198 bytes)
Event: 1.313 Thread 0x000001eab7914800 nmethod 902 0x000001eaa209e390 code [0x000001eaa209e6c0, 0x000001eaa209fd60]
Event: 1.317 Thread 0x000001eab790e000  903 %     4       Runner::drawPixel @ 39 (198 bytes)
Event: 1.339 Thread 0x000001eab790e000 nmethod 903% 0x000001eaa946e790 code [0x000001eaa946e9a0, 0x000001eaa946f4a8]
Event: 1.431 Thread 0x000001eaba65e000 nmethod 842 0x000001eaa946fc10 code [0x000001eaa9470080, 0x000001eaa94748a0]
Event: 1.439 Thread 0x000001eab7914800  904       3       java.util.jar.JarFile::getVersionedEntry (85 bytes)
Event: 1.440 Thread 0x000001eab7914800 nmethod 904 0x000001eaa20a0690 code [0x000001eaa20a09a0, 0x000001eaa20a1a90]

GC Heap History (2 events):
Event: 0.613 GC heap before
{Heap before GC invocations=0 (full 0):
 garbage-first heap   total 129024K, used 14336K [0x0000000082000000, 0x0000000100000000)
  region size 1024K, 14 young (14336K), 0 survivors (0K)
 Metaspace       used 1945K, capacity 5129K, committed 5376K, reserved 1056768K
  class space    used 169K, capacity 477K, committed 512K, reserved 1048576K
}
Event: 0.617 GC heap after
{Heap after GC invocations=1 (full 0):
 garbage-first heap   total 129024K, used 2048K [0x0000000082000000, 0x0000000100000000)
  region size 1024K, 2 young (2048K), 2 survivors (2048K)
 Metaspace       used 1945K, capacity 5129K, committed 5376K, reserved 1056768K
  class space    used 169K, capacity 477K, committed 512K, reserved 1048576K
}

Deoptimization events (20 events):
Event: 0.474 Thread 0x000001ea9d89b000 DEOPT PACKING pc=0x000001eaa1f40cff sp=0x0000008618dfb380
Event: 0.474 Thread 0x000001ea9d89b000 DEOPT UNPACKING pc=0x000001eaa198904e sp=0x0000008618dfa7d0 mode 0
Event: 0.509 Thread 0x000001ea9d89b000 Uncommon trap: trap_request=0xffffff4d fr.pc=0x000001eaa9446fc8 relative=0x0000000000000228
Event: 0.509 Thread 0x000001ea9d89b000 Uncommon trap: reason=unstable_if action=reinterpret pc=0x000001eaa9446fc8 method=java.lang.String.startsWith(Ljava/lang/String;I)Z @ 14 c2
Event: 0.509 Thread 0x000001ea9d89b000 DEOPT PACKING pc=0x000001eaa9446fc8 sp=0x0000008618dfbb50
Event: 0.509 Thread 0x000001ea9d89b000 DEOPT UNPACKING pc=0x000001eaa198922f sp=0x0000008618dfbab8 mode 2
Event: 0.555 Thread 0x000001ea9d89b000 Uncommon trap: trap_request=0xffffff4d fr.pc=0x000001eaa942f7dc relative=0x000000000000003c
Event: 0.555 Thread 0x000001ea9d89b000 Uncommon trap: reason=unstable_if action=reinterpret pc=0x000001eaa942f7dc method=sun.nio.fs.WindowsPathParser.isSlash(C)Z @ 9 c2
Event: 0.555 Thread 0x000001ea9d89b000 DEOPT PACKING pc=0x000001eaa942f7dc sp=0x0000008618dfc2b0
Event: 0.555 Thread 0x000001ea9d89b000 DEOPT UNPACKING pc=0x000001eaa198922f sp=0x0000008618dfc238 mode 2
Event: 1.228 Thread 0x000001ea9d89b000 Uncommon trap: trap_request=0xffffff5c fr.pc=0x000001eaa945ef10 relative=0x0000000000000070
Event: 1.228 Thread 0x000001ea9d89b000 Uncommon trap: reason=speculate_null_assert action=make_not_entrant pc=0x000001eaa945ef10 method=sun.misc.Unsafe.putLong(Ljava/lang/Object;JJ)V @ 7 c2
Event: 1.228 Thread 0x000001ea9d89b000 DEOPT PACKING pc=0x000001eaa945ef10 sp=0x0000008618dff120
Event: 1.228 Thread 0x000001ea9d89b000 DEOPT UNPACKING pc=0x000001eaa198922f sp=0x0000008618dff098 mode 2
Event: 1.229 Thread 0x000001ea9d89b000 Uncommon trap: trap_request=0xffffff4d fr.pc=0x000001eaa945db84 relative=0x0000000000000ec4
Event: 1.229 Thread 0x000001ea9d89b000 Uncommon trap: reason=unstable_if action=reinterpret pc=0x000001eaa945db84 method=java.util.jar.JarFile.getVersionedEntry(Ljava/lang/String;Ljava/util/jar/JarEntry;)Ljava/util/jar/JarEntry; @ 67 c2
Event: 1.229 Thread 0x000001ea9d89b000 DEOPT PACKING pc=0x000001eaa945db84 sp=0x0000008618dfe150
Event: 1.229 Thread 0x000001ea9d89b000 DEOPT UNPACKING pc=0x000001eaa198922f sp=0x0000008618dfe178 mode 2
Event: 1.340 Thread 0x000001ea9d89b000 DEOPT PACKING pc=0x000001eaa209d6b2 sp=0x0000008618dff3d0
Event: 1.340 Thread 0x000001ea9d89b000 DEOPT UNPACKING pc=0x000001eaa198904e sp=0x0000008618dfe9a8 mode 0

Classes redefined (0 events):
No events

Internal exceptions (20 events):
Event: 0.911 Thread 0x000001ea9d89b000 Exception <a 'java/security/PrivilegedActionException'{0x0000000089979810}> (0x0000000089979810) thrown at [c:/BuildAgent/work/5ff2f6c26000d570/src/hotspot/share/prims/jvm.cpp, line 1297]
Event: 0.911 Thread 0x000001ea9d89b000 Exception <a 'java/security/PrivilegedActionException'{0x0000000089979ae0}> (0x0000000089979ae0) thrown at [c:/BuildAgent/work/5ff2f6c26000d570/src/hotspot/share/prims/jvm.cpp, line 1297]
Event: 0.953 Thread 0x000001ea9d89b000 Exception <a 'java/security/PrivilegedActionException'{0x0000000089899af8}> (0x0000000089899af8) thrown at [c:/BuildAgent/work/5ff2f6c26000d570/src/hotspot/share/prims/jvm.cpp, line 1297]
Event: 0.954 Thread 0x000001ea9d89b000 Exception <a 'java/security/PrivilegedActionException'{0x0000000089899dc8}> (0x0000000089899dc8) thrown at [c:/BuildAgent/work/5ff2f6c26000d570/src/hotspot/share/prims/jvm.cpp, line 1297]
Event: 0.954 Thread 0x000001ea9d89b000 Exception <a 'java/security/PrivilegedActionException'{0x000000008989b678}> (0x000000008989b678) thrown at [c:/BuildAgent/work/5ff2f6c26000d570/src/hotspot/share/prims/jvm.cpp, line 1297]
Event: 0.954 Thread 0x000001ea9d89b000 Exception <a 'java/security/PrivilegedActionException'{0x000000008989b948}> (0x000000008989b948) thrown at [c:/BuildAgent/work/5ff2f6c26000d570/src/hotspot/share/prims/jvm.cpp, line 1297]
Event: 0.954 Thread 0x000001ea9d89b000 Exception <a 'java/security/PrivilegedActionException'{0x00000000898aacb8}> (0x00000000898aacb8) thrown at [c:/BuildAgent/work/5ff2f6c26000d570/src/hotspot/share/prims/jvm.cpp, line 1297]
Event: 0.954 Thread 0x000001ea9d89b000 Exception <a 'java/security/PrivilegedActionException'{0x00000000898aaf88}> (0x00000000898aaf88) thrown at [c:/BuildAgent/work/5ff2f6c26000d570/src/hotspot/share/prims/jvm.cpp, line 1297]
Event: 1.229 Thread 0x000001ea9d89b000 Exception <a 'java/security/PrivilegedActionException'{0x00000000890c5668}> (0x00000000890c5668) thrown at [c:/BuildAgent/work/5ff2f6c26000d570/src/hotspot/share/prims/jvm.cpp, line 1297]
Event: 1.229 Thread 0x000001ea9d89b000 Exception <a 'java/security/PrivilegedActionException'{0x00000000890c5938}> (0x00000000890c5938) thrown at [c:/BuildAgent/work/5ff2f6c26000d570/src/hotspot/share/prims/jvm.cpp, line 1297]
Event: 1.229 Thread 0x000001ea9d89b000 Exception <a 'java/security/PrivilegedActionException'{0x00000000890c6fe8}> (0x00000000890c6fe8) thrown at [c:/BuildAgent/work/5ff2f6c26000d570/src/hotspot/share/prims/jvm.cpp, line 1297]
Event: 1.229 Thread 0x000001ea9d89b000 Exception <a 'java/security/PrivilegedActionException'{0x00000000890c72b8}> (0x00000000890c72b8) thrown at [c:/BuildAgent/work/5ff2f6c26000d570/src/hotspot/share/prims/jvm.cpp, line 1297]
Event: 1.229 Thread 0x000001ea9d89b000 Exception <a 'java/security/PrivilegedActionException'{0x00000000890d1e28}> (0x00000000890d1e28) thrown at [c:/BuildAgent/work/5ff2f6c26000d570/src/hotspot/share/prims/jvm.cpp, line 1297]
Event: 1.229 Thread 0x000001ea9d89b000 Exception <a 'java/security/PrivilegedActionException'{0x00000000890d20f8}> (0x00000000890d20f8) thrown at [c:/BuildAgent/work/5ff2f6c26000d570/src/hotspot/share/prims/jvm.cpp, line 1297]
Event: 1.248 Thread 0x000001ea9d89b000 Exception <a 'java/security/PrivilegedActionException'{0x00000000890f0a18}> (0x00000000890f0a18) thrown at [c:/BuildAgent/work/5ff2f6c26000d570/src/hotspot/share/prims/jvm.cpp, line 1297]
Event: 1.248 Thread 0x000001ea9d89b000 Exception <a 'java/security/PrivilegedActionException'{0x00000000890f0ce8}> (0x00000000890f0ce8) thrown at [c:/BuildAgent/work/5ff2f6c26000d570/src/hotspot/share/prims/jvm.cpp, line 1297]
Event: 1.248 Thread 0x000001ea9d89b000 Exception <a 'java/security/PrivilegedActionException'{0x00000000890f2600}> (0x00000000890f2600) thrown at [c:/BuildAgent/work/5ff2f6c26000d570/src/hotspot/share/prims/jvm.cpp, line 1297]
Event: 1.248 Thread 0x000001ea9d89b000 Exception <a 'java/security/PrivilegedActionException'{0x00000000890f28d0}> (0x00000000890f28d0) thrown at [c:/BuildAgent/work/5ff2f6c26000d570/src/hotspot/share/prims/jvm.cpp, line 1297]
Event: 1.248 Thread 0x000001ea9d89b000 Exception <a 'java/security/PrivilegedActionException'{0x0000000088d02fe8}> (0x0000000088d02fe8) thrown at [c:/BuildAgent/work/5ff2f6c26000d570/src/hotspot/share/prims/jvm.cpp, line 1297]
Event: 1.248 Thread 0x000001ea9d89b000 Exception <a 'java/security/PrivilegedActionException'{0x0000000088d032b8}> (0x0000000088d032b8) thrown at [c:/BuildAgent/work/5ff2f6c26000d570/src/hotspot/share/prims/jvm.cpp, line 1297]

Events (20 events):
Event: 1.219 loading class org/lwjgl/opengl/KHRBlendEquationAdvanced
Event: 1.219 loading class org/lwjgl/opengl/KHRBlendEquationAdvanced done
Event: 1.220 loading class org/lwjgl/opengl/KHRDebug
Event: 1.220 loading class org/lwjgl/opengl/KHRDebug done
Event: 1.222 loading class org/lwjgl/opengl/NVConditionalRender
Event: 1.222 loading class org/lwjgl/opengl/NVConditionalRender done
Event: 1.224 loading class org/lwjgl/opengl/NVPrimitiveRestart
Event: 1.224 loading class org/lwjgl/opengl/NVPrimitiveRestart done
Event: 1.228 loading class jdk/internal/reflect/UnsafeQualifiedLongFieldAccessorImpl
Event: 1.228 loading class jdk/internal/reflect/UnsafeQualifiedFieldAccessorImpl
Event: 1.228 loading class jdk/internal/reflect/UnsafeQualifiedFieldAccessorImpl done
Event: 1.228 loading class jdk/internal/reflect/UnsafeQualifiedLongFieldAccessorImpl done
Event: 1.228 loading class org/lwjgl/system/CheckIntrinsics
Event: 1.228 loading class org/lwjgl/system/CheckIntrinsics done
Event: 1.247 loading class org/lwjgl/system/MultiReleaseMemCopy
Event: 1.247 loading class org/lwjgl/system/MultiReleaseMemCopy done
Event: 1.249 loading class org/lwjgl/opengl/GL11C
Event: 1.249 loading class org/lwjgl/opengl/GL11C done
Event: 1.438 loading class org/lwjgl/opengl/GL$ICDStatic$WriteOnce
Event: 1.438 loading class org/lwjgl/opengl/GL$ICDStatic$WriteOnce done


Dynamic libraries:
0x00007ff7216d0000 - 0x00007ff7216da000 	C:\Program Files\JetBrains\IntelliJ IDEA Community Edition 2019.3.4\jbr\bin\java.exe
0x00007ffa52fc0000 - 0x00007ffa531b0000 	C:\Windows\SYSTEM32\ntdll.dll
0x00007ffa513b0000 - 0x00007ffa51462000 	C:\Windows\System32\KERNEL32.DLL
0x00007ffa50550000 - 0x00007ffa507f4000 	C:\Windows\System32\KERNELBASE.dll
0x00007ffa50400000 - 0x00007ffa504fa000 	C:\Windows\System32\ucrtbase.dll
0x00007ffa1fb50000 - 0x00007ffa1fb67000 	C:\Program Files\JetBrains\IntelliJ IDEA Community Edition 2019.3.4\jbr\bin\VCRUNTIME140.dll
0x00007ffa20760000 - 0x00007ffa20779000 	C:\Program Files\JetBrains\IntelliJ IDEA Community Edition 2019.3.4\jbr\bin\jli.dll
0x00007ffa52c60000 - 0x00007ffa52df5000 	C:\Windows\System32\USER32.dll
0x00007ffa50800000 - 0x00007ffa50821000 	C:\Windows\System32\win32u.dll
0x00007ffa3e650000 - 0x00007ffa3e8d4000 	C:\Windows\WinSxS\amd64_microsoft.windows.common-controls_6595b64144ccf1df_6.0.18362.1016_none_9e7a36bbe461dae4\COMCTL32.dll
0x00007ffa51190000 - 0x00007ffa511b6000 	C:\Windows\System32\GDI32.dll
0x00007ffa516c0000 - 0x00007ffa5175e000 	C:\Windows\System32\msvcrt.dll
0x00007ffa4ff40000 - 0x00007ffa500d6000 	C:\Windows\System32\gdi32full.dll
0x00007ffa527a0000 - 0x00007ffa52ad5000 	C:\Windows\System32\combase.dll
0x00007ffa500e0000 - 0x00007ffa5017e000 	C:\Windows\System32\msvcp_win.dll
0x00007ffa515a0000 - 0x00007ffa516c0000 	C:\Windows\System32\RPCRT4.dll
0x00007ffa501e0000 - 0x00007ffa50260000 	C:\Windows\System32\bcryptPrimitives.dll
0x00007ffa51310000 - 0x00007ffa5133e000 	C:\Windows\System32\IMM32.DLL
0x00007ffa14700000 - 0x00007ffa1479d000 	C:\Program Files\JetBrains\IntelliJ IDEA Community Edition 2019.3.4\jbr\bin\msvcp140.dll
0x00007ffa15db0000 - 0x00007ffa1686d000 	C:\Program Files\JetBrains\IntelliJ IDEA Community Edition 2019.3.4\jbr\bin\server\jvm.dll
0x00007ffa51470000 - 0x00007ffa51513000 	C:\Windows\System32\ADVAPI32.dll
0x00007ffa52ae0000 - 0x00007ffa52b77000 	C:\Windows\System32\sechost.dll
0x00007ffa51300000 - 0x00007ffa51308000 	C:\Windows\System32\PSAPI.DLL
0x00007ffa4c540000 - 0x00007ffa4c564000 	C:\Windows\SYSTEM32\WINMM.dll
0x00007ffa48840000 - 0x00007ffa4884a000 	C:\Windows\SYSTEM32\VERSION.dll
0x00007ffa46f50000 - 0x00007ffa46f59000 	C:\Windows\SYSTEM32\WSOCK32.dll
0x00007ffa4c510000 - 0x00007ffa4c53d000 	C:\Windows\SYSTEM32\winmmbase.dll
0x00007ffa503b0000 - 0x00007ffa503fa000 	C:\Windows\System32\cfgmgr32.dll
0x00007ffa51290000 - 0x00007ffa512ff000 	C:\Windows\System32\ws2_32.DLL
0x00007ffa4ff20000 - 0x00007ffa4ff31000 	C:\Windows\System32\kernel.appcore.dll
0x00007ffa402e0000 - 0x00007ffa402f1000 	C:\Program Files\JetBrains\IntelliJ IDEA Community Edition 2019.3.4\jbr\bin\verify.dll
0x00007ffa3cba0000 - 0x00007ffa3cd94000 	C:\Windows\SYSTEM32\DBGHELP.DLL
0x00007ffa3c9a0000 - 0x00007ffa3c9ca000 	C:\Windows\SYSTEM32\dbgcore.DLL
0x00007ffa37660000 - 0x00007ffa37689000 	C:\Program Files\JetBrains\IntelliJ IDEA Community Edition 2019.3.4\jbr\bin\java.dll
0x00007ffa40250000 - 0x00007ffa40268000 	C:\Program Files\JetBrains\IntelliJ IDEA Community Edition 2019.3.4\jbr\bin\zip.dll
0x00007ffa46d60000 - 0x00007ffa46d6b000 	C:\Program Files\JetBrains\IntelliJ IDEA Community Edition 2019.3.4\jbr\bin\jimage.dll
0x00007ffa520b0000 - 0x00007ffa52797000 	C:\Windows\System32\SHELL32.dll
0x00007ffa51e50000 - 0x00007ffa51ef9000 	C:\Windows\System32\shcore.dll
0x00007ffa508e0000 - 0x00007ffa51062000 	C:\Windows\System32\windows.storage.dll
0x00007ffa4fef0000 - 0x00007ffa4ff13000 	C:\Windows\System32\profapi.dll
0x00007ffa4fea0000 - 0x00007ffa4feea000 	C:\Windows\System32\powrprof.dll
0x00007ffa4fe70000 - 0x00007ffa4fe80000 	C:\Windows\System32\UMPDC.dll
0x00007ffa52b80000 - 0x00007ffa52bd2000 	C:\Windows\System32\shlwapi.dll
0x00007ffa50500000 - 0x00007ffa50517000 	C:\Windows\System32\cryptsp.dll
0x00007ffa38670000 - 0x00007ffa3868a000 	C:\Program Files\JetBrains\IntelliJ IDEA Community Edition 2019.3.4\jbr\bin\net.dll
0x00007ffa40950000 - 0x00007ffa40a40000 	C:\Windows\SYSTEM32\WINHTTP.dll
0x00007ffa4f6d0000 - 0x00007ffa4f737000 	C:\Windows\system32\mswsock.dll
0x00007ffa37310000 - 0x00007ffa37324000 	C:\Program Files\JetBrains\IntelliJ IDEA Community Edition 2019.3.4\jbr\bin\nio.dll
0x00007ffa22020000 - 0x00007ffa22084000 	C:\Users\pav00\AppData\Local\Temp\lwjglpav00\3.2.3-build-13\lwjgl.dll
0x00007ffa10e50000 - 0x00007ffa110a3000 	C:\Users\pav00\AppData\Local\Temp\lwjglpav00\3.2.3-build-13\jemalloc.dll
0x00007ffa18cd0000 - 0x00007ffa18d32000 	C:\Users\pav00\AppData\Local\Temp\lwjglpav00\3.2.3-build-13\glfw.dll
0x00007ffa4de80000 - 0x00007ffa4df19000 	C:\Windows\system32\uxtheme.dll
0x00007ffa23790000 - 0x00007ffa237d3000 	C:\Windows\SYSTEM32\dinput8.dll
0x00007ffa386c0000 - 0x00007ffa386d1000 	C:\Windows\SYSTEM32\xinput1_4.dll
0x00007ffa4fc70000 - 0x00007ffa4fc9a000 	C:\Windows\SYSTEM32\DEVOBJ.dll
0x00007ffa4e2d0000 - 0x00007ffa4e2fd000 	C:\Windows\SYSTEM32\dwmapi.dll
0x00007ffa43be0000 - 0x00007ffa43cfb000 	C:\Windows\SYSTEM32\inputhost.dll
0x00007ffa4d740000 - 0x00007ffa4d814000 	C:\Windows\SYSTEM32\CoreMessaging.dll
0x00007ffa4b330000 - 0x00007ffa4b65a000 	C:\Windows\SYSTEM32\CoreUIComponents.dll
0x00007ffa4e910000 - 0x00007ffa4ea00000 	C:\Windows\SYSTEM32\PROPSYS.dll
0x00007ffa4b6d0000 - 0x00007ffa4b823000 	C:\Windows\SYSTEM32\wintypes.dll
0x00007ffa51d80000 - 0x00007ffa51e45000 	C:\Windows\System32\OLEAUT32.dll
0x00007ffa4eec0000 - 0x00007ffa4eef1000 	C:\Windows\SYSTEM32\ntmarta.dll
0x00007ffa51c40000 - 0x00007ffa51d75000 	C:\Windows\System32\MSCTF.dll
0x00007ffa4ea70000 - 0x00007ffa4ea7e000 	C:\Windows\SYSTEM32\HID.DLL
0x00007ffa517c0000 - 0x00007ffa51c30000 	C:\Windows\System32\SETUPAPI.DLL
0x00007ffa50520000 - 0x00007ffa50546000 	C:\Windows\System32\bcrypt.dll
0x00007ffa50180000 - 0x00007ffa501dc000 	C:\Windows\System32\WINTRUST.dll
0x00007ffa4fe80000 - 0x00007ffa4fe92000 	C:\Windows\System32\MSASN1.dll
0x00007ffa50260000 - 0x00007ffa503a9000 	C:\Windows\System32\CRYPT32.dll
0x00007ffa2b180000 - 0x00007ffa2b2d6000 	C:\Windows\SYSTEM32\opengl32.dll
0x00007ffa2b990000 - 0x00007ffa2b9bc000 	C:\Windows\SYSTEM32\GLU32.dll
0x00007ffa4ead0000 - 0x00007ffa4eaf0000 	C:\Windows\SYSTEM32\dxcore.dll
0x00007ffa0bef0000 - 0x00007ffa0cc49000 	C:\Windows\System32\DriverStore\FileRepository\igdlh64.inf_amd64_aa3a0bcfbcf24a1b\ig9icd64.dll
0x00007ffa4c1c0000 - 0x00007ffa4c1d3000 	C:\Windows\SYSTEM32\WTSAPI32.dll
0x00007ffa43da0000 - 0x00007ffa44eff000 	C:\Windows\System32\DriverStore\FileRepository\igdlh64.inf_amd64_aa3a0bcfbcf24a1b\igc64.dll
0x00007ffa4eb60000 - 0x00007ffa4ec4b000 	C:\Windows\SYSTEM32\dxgi.dll
0x00007ffa4cea0000 - 0x00007ffa4d0fb000 	C:\Windows\SYSTEM32\d3d11.dll
0x00007ffa44f00000 - 0x00007ffa46645000 	C:\Windows\System32\DriverStore\FileRepository\igdlh64.inf_amd64_aa3a0bcfbcf24a1b\igd10iumd64.dll
0x00007ffa4f9a0000 - 0x00007ffa4f9c6000 	C:\Windows\SYSTEM32\ncrypt.dll
0x00007ffa4f960000 - 0x00007ffa4f99b000 	C:\Windows\SYSTEM32\NTASN1.dll
0x00007ffa43d00000 - 0x00007ffa43d9e000 	C:\Windows\System32\TextInputFramework.dll
0x00007ffa422f0000 - 0x00007ffa42596000 	C:\Windows\System32\iertutil.dll
0x00007ffa18c70000 - 0x00007ffa18cc9000 	C:\Users\pav00\AppData\Local\Temp\lwjglpav00\3.2.3-build-13\lwjgl_opengl.dll

dbghelp: loaded successfully - version: 4.0.5 - missing functions: none
symbol engine: initialized successfully - sym options: 0x614 - pdb path: .;C:\Program Files\JetBrains\IntelliJ IDEA Community Edition 2019.3.4\jbr\bin;C:\Windows\SYSTEM32;C:\Windows\WinSxS\amd64_microsoft.windows.common-controls_6595b64144ccf1df_6.0.18362.1016_none_9e7a36bbe461dae4;C:\Program Files\JetBrains\IntelliJ IDEA Community Edition 2019.3.4\jbr\bin\server;C:\Users\pav00\AppData\Local\Temp\lwjglpav00\3.2.3-build-13;C:\Windows\System32\DriverStore\FileRepository\igdlh64.inf_amd64_aa3a0bcfbcf24a1b

VM Arguments:
jvm_args: -Dfile.encoding=windows-1251 -Duser.country=RU -Duser.language=ru -Duser.variant 
java_command: Runner
java_class_path (initial): D:\ВУЗ\4 курс\1 сем\Графоний\Viewer\build\classes\java\main;D:\ВУЗ\4 курс\1 сем\Графоний\Viewer\build\resources\main;C:\Users\pav00\.gradle\caches\modules-2\files-2.1\org.lwjgl\lwjgl-assimp\3.2.3\f62aa07a20afbdd3097efc296c4841e0d29700eb\lwjgl-assimp-3.2.3.jar;C:\Users\pav00\.gradle\caches\modules-2\files-2.1\org.lwjgl\lwjgl-assimp\3.2.3\4e60aeb75f0343c4a9ede4ef8b6b32ca702a00a3\lwjgl-assimp-3.2.3-natives-windows.jar;C:\Users\pav00\.gradle\caches\modules-2\files-2.1\org.lwjgl\lwjgl-bgfx\3.2.3\433883c4040fa8df47244dffa1d42c96ce2143de\lwjgl-bgfx-3.2.3.jar;C:\Users\pav00\.gradle\caches\modules-2\files-2.1\org.lwjgl\lwjgl-bgfx\3.2.3\f589da97dd3cfa96f42c8c812a0a028cf28223b8\lwjgl-bgfx-3.2.3-natives-windows.jar;C:\Users\pav00\.gradle\caches\modules-2\files-2.1\org.lwjgl\lwjgl-cuda\3.2.3\fb91f3aaa29e69eee7f1314a63d3e3068ad138e4\lwjgl-cuda-3.2.3.jar;C:\Users\pav00\.gradle\caches\modules-2\files-2.1\org.lwjgl\lwjgl-egl\3.2.3\45ad689a4346fac69d4e8696fa02aaa98f0ea196\lwjgl-egl-3.2.3.jar;C:\Users\pav00\.gradle\caches\modules-2\files-2.1\org.lwjgl\lwjgl-glfw\3.2.3\5e520d5c290c8b012545a8d34fa5db5ab051ea53\lwjgl-glfw-3.2.3.jar;C:\Users\pav00\.gradle\caches\modules-2\files-2.1\org.lwjgl\lwjgl-glfw\3.2.3\b4d8a3477cdc2edcf7a5f1e822926be846223f54\lwjgl-glfw-3.2.3-natives-windows.jar;C:\Users\pav00\.gradle\caches\modules-2\files-2.1\org.lwjgl\lwjgl-jawt\3.2.3\b93ceb43c55c28651e178af42e1f344e1e9d8bf3\lwjgl-jawt-3.2.3.jar;C:\Users\pav00\.gradle\caches\modules-2\files-2.1\org.lwjgl\lwjgl-jemalloc\3.2.3\b6fd0932171ba3f2eaa4547beddca3a3e645342d\lwjgl-jemalloc-3.2.3.jar;C:\Users\pav00\.gradle\caches\modules-2\files-2.1\org.lwjgl\lwjgl-jemalloc\3.2.3\3423fd0d4c7c1916c8f46b2075c4c2df02f22675\lwjgl-jemalloc-3.2.3-natives-windows.jar;C:\Users\pav00\.gradle\caches\modules-2\files-2.1\org.lwjgl\lwjgl-libdivide\3.2.3\58c515f934b8b3fd64897d436a9aaea518ac180a\lwjgl-libdivide-3.2.3.jar;C:\Users\pav00\.gradle\caches\modules-2\files-2.1\org.lwjgl\lwjgl-libdivide\3.2.3\222031de
Launcher Type: SUN_STANDARD

[Global flags]
     intx CICompilerCount                          = 3                                         {product} {ergonomic}
     uint ConcGCThreads                            = 1                                         {product} {ergonomic}
     uint G1ConcRefinementThreads                  = 4                                         {product} {ergonomic}
   size_t G1HeapRegionSize                         = 1048576                                   {product} {ergonomic}
    uintx GCDrainStackTargetSize                   = 64                                        {product} {ergonomic}
   size_t InitialHeapSize                          = 132120576                                 {product} {ergonomic}
   size_t MarkStackSize                            = 4194304                                   {product} {ergonomic}
   size_t MaxHeapSize                              = 2113929216                                {product} {ergonomic}
   size_t MaxNewSize                               = 1267728384                                {product} {ergonomic}
   size_t MinHeapDeltaBytes                        = 1048576                                   {product} {ergonomic}
    uintx NonNMethodCodeHeapSize                   = 5830732                                {pd product} {ergonomic}
    uintx NonProfiledCodeHeapSize                  = 122913754                              {pd product} {ergonomic}
    uintx ProfiledCodeHeapSize                     = 122913754                              {pd product} {ergonomic}
    uintx ReservedCodeCacheSize                    = 251658240                              {pd product} {ergonomic}
     bool SegmentedCodeCache                       = true                                      {product} {ergonomic}
     bool UseCompressedClassPointers               = true                                 {lp64_product} {ergonomic}
     bool UseCompressedOops                        = true                                 {lp64_product} {ergonomic}
     bool UseG1GC                                  = true                                      {product} {ergonomic}
     bool UseLargePagesIndividualAllocation        = false                                  {pd product} {ergonomic}

Logging:
Log output configuration:
 #0: stdout all=warning uptime,level,tags
 #1: stderr all=off uptime,level,tags

Environment Variables:
PATH=C:\Program Files (x86)\Common Files\Oracle\Java\javapath;C:\Program Files\Java\jre1.8.0_241\bin;D:\Downloads\WINDOWS.X64_193000_db_home\bin;C:\Windows\system32;C:\Windows;C:\Windows\System32\Wbem;C:\Windows\System32\WindowsPowerShell\v1.0\;C:\Windows\System32\OpenSSH\;D:\Program Files\Git\cmd;C:\Program Files\Microsoft SQL Server\120\Tools\Binn\;C:\Program Files\NVIDIA Corporation\NVIDIA NvDLISR;C:\Program Files (x86)\NVIDIA Corporation\PhysX\Common;C:\Program Files (x86)\Microsoft SQL Server\Client SDK\ODBC\130\Tools\Binn\;C:\Program Files (x86)\Microsoft SQL Server\130\Tools\Binn\;C:\Program Files (x86)\Microsoft SQL Server\130\DTS\Binn\;C:\Program Files (x86)\Microsoft SQL Server\130\Tools\Binn\ManagementStudio\;C:\Program Files\MySQL\MySQL Shell 8.0\bin\;C:\Users\pav00\AppData\Local\Microsoft\WindowsApps;C:\Program Files\JetBrains\IntelliJ IDEA Community Edition 2019.3.4\bin;;C:\Users\pav00\AppData\Local\Programs\Microsoft VS Code\bin;C:\Program Files (x86)\OpenVPN\bin;C:\Users\pav00\AppData\Local\Programs\Python\Python38-32;C:\Users\pav00\AppData\Local\Programs\Python\Python38-32\Scripts;;C:\Users\pav00\PyCharm Community Edition 2019.3.4\bin;
USERNAME=pav00
OS=Windows_NT
PROCESSOR_IDENTIFIER=Intel64 Family 6 Model 78 Stepping 3, GenuineIntel



---------------  S Y S T E M  ---------------

OS: Windows 10 , 64 bit Build 18362 (10.0.18362.959)

CPU:total 4 (initial active 4) (2 cores per cpu, 2 threads per core) family 6 model 78 stepping 3, cmov, cx8, fxsr, mmx, sse, sse2, sse3, ssse3, sse4.1, sse4.2, popcnt, avx, avx2, aes, clmul, erms, 3dnowpref, lzcnt, ht, tsc, tscinvbit, bmi1, bmi2, adx, fma

Memory: 4k page, system-wide physical 8058M (2653M free)
TotalPageFile size 9558M (AvailPageFile size 1204M)
current process WorkingSet (physical memory assigned to process): 166M, peak: 166M
current process commit charge ("private bytes"): 274M, peak: 274M

vm_info: OpenJDK 64-Bit Server VM (11.0.6+8-b520.43) for windows-amd64 JRE (11.0.6+8-b520.43), built on Feb  3 2020 14:18:56 by "" with MS VC++ 14.0 (VS2015)

END.
